  Compiling CUDA source file kernel.cu...
  
  C:\Users\eduar\Documents\nubes\NoiseGenerator\NoiseGenerator>"C:\Program Files\NVIDIA GPU Computing Toolkit\CUDA\v10.2\bin\nvcc.exe" -gencode=arch=compute_30,code=\"sm_30,compute_30\" --use-local-env -ccbin "C:\Program Files (x86)\Microsoft Visual Studio\2019\Community\VC\Tools\MSVC\14.23.28105\bin\HostX86\x64" -x cu  -IC:\Users\eduar\Documents\nubes\NoiseGenerator\Dependencies\soil\src -I"C:\Program Files\NVIDIA GPU Computing Toolkit\CUDA\v10.2\include"  -G   --keep-dir x64\Debug -maxrregcount=0  --machine 64 --compile -cudart static  -g   -DWIN32 -DWIN64 -D_DEBUG -D_CONSOLE -D_MBCS -Xcompiler "/EHsc /W3 /nologo /Od /Fdx64\Debug\vc142.pdb /FS /Zi /RTC1 /MDd " -o x64\Debug\kernel.cu.obj "C:\Users\eduar\Documents\nubes\NoiseGenerator\NoiseGenerator\kernel.cu" 
C:\Users\eduar\Documents\nubes\NoiseGenerator\NoiseGenerator\stb_image.h(4096): warning : variable "old_limit" was set but never used
  
C:\Users\eduar\Documents\nubes\NoiseGenerator\NoiseGenerator\stb_image.h(4975): warning : variable "idata_limit_old" was set but never used
  
C:/Users/eduar/Documents/nubes/NoiseGenerator/NoiseGenerator/kernel.cu(124): warning : variable "pointNoise" was declared but never referenced
  
C:/Users/eduar/Documents/nubes/NoiseGenerator/NoiseGenerator/kernel.cu(196): warning : transfer of control bypasses initialization of:
              variable "blocks"
  (208): here
  
C:/Users/eduar/Documents/nubes/NoiseGenerator/NoiseGenerator/kernel.cu(203): warning : transfer of control bypasses initialization of:
              variable "blocks"
  (208): here
  
C:/Users/eduar/Documents/nubes/NoiseGenerator/NoiseGenerator/kernel.cu(196): warning : transfer of control bypasses initialization of:
              variable "blocks"
  (208): here
  
C:/Users/eduar/Documents/nubes/NoiseGenerator/NoiseGenerator/kernel.cu(203): warning : transfer of control bypasses initialization of:
              variable "blocks"
  (208): here
  
  kernel.cu
C:/Users/eduar/Documents/nubes/NoiseGenerator/NoiseGenerator/kernel.cu(208): warning C4244: 'argument': conversion from 'double' to 'float', possible loss of data
  NoiseGenerator.vcxproj -> C:\Users\eduar\Documents\nubes\NoiseGenerator\x64\Debug\NoiseGenerator.exe
